<?xml version="1.0" encoding="UTF-8"?>
<!-- Generated by org.testng.reporters.JUnitXMLReporter -->
<testsuite ignored="0" hostname="wws-cpu-202504-01" failures="0" tests="3" name="SuperAdminLoginOnly" time="20.86" errors="0" timestamp="2025-12-17T18:07:20 IST">
  <testcase classname="Tests.SuperAdminTest.SuperAdminLoginTest" name="BlankloginTest" time="4.662"/>
  <testcase classname="Tests.SuperAdminTest.SuperAdminLoginTest" name="InvalidLoginTest" time="3.13"/>
  <testcase classname="Tests.SuperAdminTest.SuperAdminLoginTest" name="loginTest" time="4.422"/>
</testsuite> <!-- SuperAdminLoginOnly -->
