<?xml version="1.0" encoding="UTF-8"?>
<testng-results ignored="0" total="3" passed="3" failed="0" skipped="0">
  <reporter-output>
  </reporter-output>
  <suite started-at="2025-12-17T18:06:59 IST" name="SingleSuperAdminLoginTest" finished-at="2025-12-17T18:07:20 IST" duration-ms="20860">
    <groups>
    </groups>
    <test started-at="2025-12-17T18:06:59 IST" name="SuperAdminLoginOnly" finished-at="2025-12-17T18:07:20 IST" duration-ms="20860">
      <class name="Tests.SuperAdminTest.SuperAdminLoginTest">
        <test-method is-config="true" signature="ensureBrowserIsRunning()[pri:0, instance:Tests.SuperAdminTest.SuperAdminLoginTest@22b53226]" started-at="2025-12-17T18:06:59 IST" name="ensureBrowserIsRunning" finished-at="2025-12-17T18:06:59 IST" duration-ms="635" status="PASS">
          <reporter-output>
          </reporter-output>
        </test-method> <!-- ensureBrowserIsRunning -->
        <test-method is-config="true" signature="navigateToCorrectUrl()[pri:0, instance:Tests.SuperAdminTest.SuperAdminLoginTest@22b53226]" started-at="2025-12-17T18:06:59 IST" name="navigateToCorrectUrl" finished-at="2025-12-17T18:07:08 IST" duration-ms="8624" status="PASS">
          <reporter-output>
          </reporter-output>
        </test-method> <!-- navigateToCorrectUrl -->
        <test-method signature="BlankloginTest()[pri:1, instance:Tests.SuperAdminTest.SuperAdminLoginTest@22b53226]" started-at="2025-12-17T18:07:08 IST" name="BlankloginTest" finished-at="2025-12-17T18:07:13 IST" duration-ms="4662" status="PASS">
          <reporter-output>
          </reporter-output>
        </test-method> <!-- BlankloginTest -->
        <test-method signature="InvalidLoginTest()[pri:2, instance:Tests.SuperAdminTest.SuperAdminLoginTest@22b53226]" started-at="2025-12-17T18:07:13 IST" name="InvalidLoginTest" finished-at="2025-12-17T18:07:16 IST" duration-ms="3130" status="PASS">
          <reporter-output>
          </reporter-output>
        </test-method> <!-- InvalidLoginTest -->
        <test-method signature="loginTest()[pri:3, instance:Tests.SuperAdminTest.SuperAdminLoginTest@22b53226]" started-at="2025-12-17T18:07:16 IST" name="loginTest" finished-at="2025-12-17T18:07:20 IST" duration-ms="4422" status="PASS">
          <reporter-output>
          </reporter-output>
        </test-method> <!-- loginTest -->
      </class> <!-- Tests.SuperAdminTest.SuperAdminLoginTest -->
    </test> <!-- SuperAdminLoginOnly -->
  </suite> <!-- SingleSuperAdminLoginTest -->
</testng-results>
