<?xml version="1.0" encoding="UTF-8"?>
<testsuite xmlns:xsi="http://www.w3.org/2001/XMLSchema-instance" xsi:noNamespaceSchemaLocation="https://maven.apache.org/surefire/maven-surefire-plugin/xsd/surefire-test-report-3.0.xsd" version="3.0" name="TestSuite" time="22.442" tests="3" errors="0" skipped="0" failures="0">
  <properties>
[...]
</properties>
  <testcase name="BlankloginTest" classname="Tests.SuperAdminTest.SuperAdminLoginTest" time="4.664">
    <system-out><![CDATA[...
... TestNG 7.11.0 by Cédric Beust (cedric@beust.com)
...

🔗 Local run → attaching to persistent Chrome on port 5432
🌍 Navigated to: https://weaversweb.org/login
]]></system-out>
    <system-err><![CDATA[SLF4J(W): No SLF4J providers were found.
SLF4J(W): Defaulting to no-operation (NOP) logger implementation
SLF4J(W): See https://www.slf4j.org/codes.html#noProviders for further details.
Dec 17, 2025 6:06:59 PM org.openqa.selenium.devtools.CdpVersionFinder findNearestMatch
WARNING: Unable to find an exact match for CDP version 143, returning the closest version; found: 139; Please update to a Selenium version that supports CDP version 143
]]></system-err>
  </testcase>
  <testcase name="InvalidLoginTest" classname="Tests.SuperAdminTest.SuperAdminLoginTest" time="3.131">
    <system-out><![CDATA[Toast Error: Invalid email or password
]]></system-out>
  </testcase>
  <testcase name="loginTest" classname="Tests.SuperAdminTest.SuperAdminLoginTest" time="4.421"/>
</testsuite>