<?xml version="1.0" encoding="UTF-8"?>
<!-- Generated by org.testng.reporters.JUnitReportReporter -->
<testsuite hostname="wws-cpu-202504-01" failures="0" tests="3" name="Tests.SuperAdminTest.SuperAdminLoginTest" time="12.516" errors="0" timestamp="2025-12-17T15:19:27 IST" skipped="0">
  <testcase classname="Tests.SuperAdminTest.SuperAdminLoginTest" name="BlankloginTest" time="4.626"/>
  <testcase classname="Tests.SuperAdminTest.SuperAdminLoginTest" name="InvalidLoginTest" time="3.261"/>
  <testcase classname="Tests.SuperAdminTest.SuperAdminLoginTest" name="loginTest" time="4.629"/>
</testsuite> <!-- Tests.SuperAdminTest.SuperAdminLoginTest -->
